<?xml version="1.0" encoding="UTF-8" ?>
<testsuite skipped="0" failures="0" tests="0" time="0" name="jcpp.rmi.server.impl.connection.TestServer" errors="0">
  <properties>
    <property name="java.io.tmpdir" value="C:\Users\cyazbeck\AppData\Local\Temp\"/>
    <property name="java.runtime.name" value="Java(TM) SE Runtime Environment"/>
    <property name="file.encoding.pkg" value="sun.io"/>
    <property name="java.version" value="1.8.0-ea"/>
    <property name="os.name" value="Windows 7"/>
    <property name="java.vendor.url.bug" value="http://bugreport.sun.com/bugreport/"/>
    <property name="java.awt.graphicsenv" value="sun.awt.Win32GraphicsEnvironment"/>
    <property name="sun.jnu.encoding" value="Cp1252"/>
    <property name="java.vm.specification.name" value="Java Virtual Machine Specification"/>
    <property name="user.language" value="en"/>
    <property name="sun.boot.library.path" value="d:\java\jdk1.8.0\jre\bin"/>
    <property name="sun.boot.class.path" value="d:\java\jdk1.8.0\jre\lib\resources.jar;d:\java\jdk1.8.0\jre\lib\rt.jar;d:\java\jdk1.8.0\jre\lib\sunrsasign.jar;d:\java\jdk1.8.0\jre\lib\jsse.jar;d:\java\jdk1.8.0\jre\lib\jce.jar;d:\java\jdk1.8.0\jre\lib\charsets.jar;d:\java\jdk1.8.0\jre\lib\jfr.jar;d:\java\jdk1.8.0\jre\classes"/>
    <property name="java.runtime.version" value="1.8.0-ea-b76"/>
    <property name="path.separator" value=";"/>
    <property name="java.awt.printerjob" value="sun.awt.windows.WPrinterJob"/>
    <property name="java.vm.specification.vendor" value="Oracle Corporation"/>
    <property name="awt.toolkit" value="sun.awt.windows.WToolkit"/>
    <property name="java.vm.vendor" value="Oracle Corporation"/>
    <property name="user.variant" value=""/>
    <property name="sun.cpu.endian" value="little"/>
    <property name="sun.java.command" value="D:\projet\rpc\jcpp-java\target\surefire\surefirebooter5064003807436737554.jar D:\projet\rpc\jcpp-java\target\surefire\surefire7699917833643083721tmp D:\projet\rpc\jcpp-java\target\surefire\surefire4953348082603540226tmp"/>
    <property name="java.vendor" value="Oracle Corporation"/>
    <property name="basedir" value="D:\projet\rpc\jcpp-java"/>
    <property name="java.class.path" value="D:\projet\rpc\jcpp-java\target\test-classes;D:\projet\rpc\jcpp-java\target\classes;d:\.m2\log4j\log4j\1.2.14\log4j-1.2.14.jar;d:\.m2\commons-logging\commons-logging\1.1.1\commons-logging-1.1.1.jar;d:\.m2\commons-io\commons-io\1.4\commons-io-1.4.jar;d:\.m2\backport-util-concurrent\backport-util-concurrent\2.1\backport-util-concurrent-2.1.jar;"/>
    <property name="user.script" value=""/>
    <property name="localRepository" value="d:\.m2"/>
    <property name="user.country" value="US"/>
    <property name="os.version" value="6.1"/>
    <property name="sun.management.compiler" value="HotSpot 64-Bit Tiered Compilers"/>
    <property name="java.vm.name" value="Java HotSpot(TM) 64-Bit Server VM"/>
    <property name="surefire.real.class.path" value="D:\projet\rpc\jcpp-java\target\surefire\surefirebooter5064003807436737554.jar"/>
    <property name="line.separator" value="
"/>
    <property name="user.timezone" value=""/>
    <property name="java.library.path" value="d:\java\jdk1.8.0\jre\bin;C:\Windows\Sun\Java\bin;C:\Windows\system32;C:\Windows;C:\WINDOWS\system32;C:\WINDOWS;C:\WINDOWS\System32\Wbem;C:\Program Files\Support Tools;u:\tools\sybase\11.1.1-swr8229\dll;u:\tools\sybase\11.1.1-swr8229\bin;U:\tools\bin;R:\tools;u:\devtools\watcom10.6\binnt;u:\devtools\watcom10.6\binw;U:\Tools\Oracle\Ora92\bin;U:\Tools\Oracle\Ora92\lib;c:\Program Files\Perforce;C:\Program Files\TortoiseSVN\bin;C:\Program Files (x86)\Perforce;d:\java\jEdit;D:\java\TortoiseSVN\bin;C:\Program Files (x86)\Enterprise Vault\EVClient\;C:\Program Files (x86)\Microsoft SQL Server\90\Tools\binn\;C:\Program Files\TortoiseGit\bin;D:\Program Files (x86)\Perforce;e:\cygwin\bin;d:\projet\rpc\jcpp-build-Desktop_Qt_5_0_1_MinGW_32bit-Debug\debug;D:\Qt\Qt5.0.1\5.0.1\mingw47_32\lib;D:\Qt\Qt5.0.1\Tools\QtCreator\bin;."/>
    <property name="file.separator" value="\"/>
    <property name="sun.io.unicode.encoding" value="UnicodeLittle"/>
    <property name="sun.java.launcher" value="SUN_STANDARD"/>
    <property name="surefire.test.class.path" value="D:\projet\rpc\jcpp-java\target\test-classes;D:\projet\rpc\jcpp-java\target\classes;d:\.m2\log4j\log4j\1.2.14\log4j-1.2.14.jar;d:\.m2\commons-logging\commons-logging\1.1.1\commons-logging-1.1.1.jar;d:\.m2\commons-io\commons-io\1.4\commons-io-1.4.jar;d:\.m2\backport-util-concurrent\backport-util-concurrent\2.1\backport-util-concurrent-2.1.jar;"/>
    <property name="java.specification.name" value="Java Platform API Specification"/>
    <property name="java.vm.version" value="25.0-b17"/>
    <property name="java.ext.dirs" value="d:\java\jdk1.8.0\jre\lib\ext;C:\Windows\Sun\Java\lib\ext"/>
    <property name="user.dir" value="D:\projet\rpc\jcpp-java"/>
    <property name="java.class.version" value="52.0"/>
    <property name="user.home" value="C:\Users\cyazbeck"/>
    <property name="java.vm.specification.version" value="1.8"/>
    <property name="java.vm.info" value="mixed mode"/>
    <property name="user.name" value="cyazbeck"/>
    <property name="java.specification.vendor" value="Oracle Corporation"/>
    <property name="file.encoding" value="Cp1252"/>
    <property name="sun.cpu.isalist" value="amd64"/>
    <property name="java.home" value="d:\java\jdk1.8.0\jre"/>
    <property name="sun.desktop" value="windows"/>
    <property name="sun.arch.data.model" value="64"/>
    <property name="os.arch" value="amd64"/>
    <property name="sun.os.patch.level" value=""/>
    <property name="java.vendor.url" value="http://java.oracle.com/"/>
    <property name="java.specification.version" value="1.8"/>
    <property name="java.endorsed.dirs" value="d:\java\jdk1.8.0\jre\lib\endorsed"/>
  </properties>
</testsuite>