<?xml version="1.0" encoding="UTF-8" ?>
<testsuite failures="0" tests="0" skipped="0" errors="0" name="jcpp.rmi.server.impl.connection.TestServer" time="0">
  <properties>
    <property value="en" name="user.language"/>
    <property value="d:\java\jdk1.8.0\jre\lib\ext;C:\Windows\Sun\Java\lib\ext" name="java.ext.dirs"/>
    <property value="D:\projet\rpc\jcpp-java\target\surefire\surefirebooter3153764781656769221.jar" name="surefire.real.class.path"/>
    <property value="http://java.oracle.com/" name="java.vendor.url"/>
    <property value="1.8.0-ea-b76" name="java.runtime.version"/>
    <property value="d:\java\jdk1.8.0\jre" name="java.home"/>
    <property value="amd64" name="os.arch"/>
    <property value="little" name="sun.cpu.endian"/>
    <property value="6.1" name="os.version"/>
    <property value="D:\projet\rpc\jcpp-java\target\surefire\surefirebooter3153764781656769221.jar D:\projet\rpc\jcpp-java\target\surefire\surefire1150710256722416667tmp D:\projet\rpc\jcpp-java\target\surefire\surefire648637224370593981tmp" name="sun.java.command"/>
    <property value="" name="sun.os.patch.level"/>
    <property value="D:\projet\rpc\jcpp-java" name="basedir"/>
    <property value="amd64" name="sun.cpu.isalist"/>
    <property value="Oracle Corporation" name="java.vm.vendor"/>
    <property value="windows" name="sun.desktop"/>
    <property value="Cp1252" name="file.encoding"/>
    <property value="Cp1252" name="sun.jnu.encoding"/>
    <property value="d:\java\jdk1.8.0\jre\bin;C:\Windows\Sun\Java\bin;C:\Windows\system32;C:\Windows;C:\WINDOWS\system32;C:\WINDOWS;C:\WINDOWS\System32\Wbem;C:\Program Files\Support Tools;u:\tools\sybase\11.1.1-swr8229\dll;u:\tools\sybase\11.1.1-swr8229\bin;U:\tools\bin;R:\tools;u:\devtools\watcom10.6\binnt;u:\devtools\watcom10.6\binw;U:\Tools\Oracle\Ora92\bin;U:\Tools\Oracle\Ora92\lib;c:\Program Files\Perforce;C:\Program Files\TortoiseSVN\bin;C:\Program Files (x86)\Perforce;d:\java\jEdit;D:\java\TortoiseSVN\bin;C:\Program Files (x86)\Enterprise Vault\EVClient\;C:\Program Files (x86)\Microsoft SQL Server\90\Tools\binn\;C:\Program Files\TortoiseGit\bin;D:\Program Files (x86)\Perforce;e:\cygwin\bin;d:\projet\rpc\jcpp-build-Desktop_Qt_5_0_1_MinGW_32bit-Debug\debug;D:\Qt\Qt5.0.1\5.0.1\mingw47_32\lib;D:\Qt\Qt5.0.1\Tools\QtCreator\bin;." name="java.library.path"/>
    <property value="D:\projet\rpc\jcpp-java" name="user.dir"/>
    <property value="sun.awt.windows.WPrinterJob" name="java.awt.printerjob"/>
    <property value="HotSpot 64-Bit Tiered Compilers" name="sun.management.compiler"/>
    <property value="D:\projet\rpc\jcpp-java\target\test-classes;D:\projet\rpc\jcpp-java\target\classes;d:\.m2\log4j\log4j\1.2.14\log4j-1.2.14.jar;d:\.m2\commons-logging\commons-logging\1.1.1\commons-logging-1.1.1.jar;d:\.m2\commons-io\commons-io\1.4\commons-io-1.4.jar;d:\.m2\backport-util-concurrent\backport-util-concurrent\2.1\backport-util-concurrent-2.1.jar;d:\.m2\freemarker\freemarker\2.3.8\freemarker-2.3.8.jar;" name="java.class.path"/>
    <property value="sun.awt.Win32GraphicsEnvironment" name="java.awt.graphicsenv"/>
    <property value="US" name="user.country"/>
    <property value="C:\Users\cyazbeck" name="user.home"/>
    <property value="
" name="line.separator"/>
    <property value="Java Virtual Machine Specification" name="java.vm.specification.name"/>
    <property value="52.0" name="java.class.version"/>
    <property value="D:\projet\rpc\jcpp-java\target\test-classes;D:\projet\rpc\jcpp-java\target\classes;d:\.m2\log4j\log4j\1.2.14\log4j-1.2.14.jar;d:\.m2\commons-logging\commons-logging\1.1.1\commons-logging-1.1.1.jar;d:\.m2\commons-io\commons-io\1.4\commons-io-1.4.jar;d:\.m2\backport-util-concurrent\backport-util-concurrent\2.1\backport-util-concurrent-2.1.jar;d:\.m2\freemarker\freemarker\2.3.8\freemarker-2.3.8.jar;" name="surefire.test.class.path"/>
    <property value="1.8.0-ea" name="java.version"/>
    <property value="25.0-b17" name="java.vm.version"/>
    <property value="http://bugreport.sun.com/bugreport/" name="java.vendor.url.bug"/>
    <property value="1.8" name="java.vm.specification.version"/>
    <property value="Windows 7" name="os.name"/>
    <property value="" name="user.variant"/>
    <property value="d:\java\jdk1.8.0\jre\lib\endorsed" name="java.endorsed.dirs"/>
    <property value="" name="user.timezone"/>
    <property value="UnicodeLittle" name="sun.io.unicode.encoding"/>
    <property value="d:\java\jdk1.8.0\jre\lib\resources.jar;d:\java\jdk1.8.0\jre\lib\rt.jar;d:\java\jdk1.8.0\jre\lib\sunrsasign.jar;d:\java\jdk1.8.0\jre\lib\jsse.jar;d:\java\jdk1.8.0\jre\lib\jce.jar;d:\java\jdk1.8.0\jre\lib\charsets.jar;d:\java\jdk1.8.0\jre\lib\jfr.jar;d:\java\jdk1.8.0\jre\classes" name="sun.boot.class.path"/>
    <property value="Oracle Corporation" name="java.specification.vendor"/>
    <property value="Java Platform API Specification" name="java.specification.name"/>
    <property value="1.8" name="java.specification.version"/>
    <property value="sun.awt.windows.WToolkit" name="awt.toolkit"/>
    <property value="sun.io" name="file.encoding.pkg"/>
    <property value="Java HotSpot(TM) 64-Bit Server VM" name="java.vm.name"/>
    <property value="\" name="file.separator"/>
    <property value="" name="user.script"/>
    <property value=";" name="path.separator"/>
    <property value="64" name="sun.arch.data.model"/>
    <property value="SUN_STANDARD" name="sun.java.launcher"/>
    <property value="d:\java\jdk1.8.0\jre\bin" name="sun.boot.library.path"/>
    <property value="C:\Users\cyazbeck\AppData\Local\Temp\" name="java.io.tmpdir"/>
    <property value="d:\.m2" name="localRepository"/>
    <property value="Oracle Corporation" name="java.vm.specification.vendor"/>
    <property value="Oracle Corporation" name="java.vendor"/>
    <property value="Java(TM) SE Runtime Environment" name="java.runtime.name"/>
    <property value="cyazbeck" name="user.name"/>
    <property value="mixed mode" name="java.vm.info"/>
  </properties>
</testsuite>